<?xml version="1.0" encoding="UTF-8"?>
<testng-results ignored="0" total="4" passed="3" failed="1" skipped="0">
  <reporter-output>
  </reporter-output>
  <suite started-at="2019-12-30T15:52:10 IST" name="Suite" finished-at="2019-12-30T15:54:26 IST" duration-ms="135269">
    <groups>
    </groups>
    <test started-at="2019-12-30T15:52:10 IST" name="Validating Title in the Page" finished-at="2019-12-30T15:52:41 IST" duration-ms="30873">
      <class name="Academy.E2EFramework.validateTitle">
        <test-method is-config="true" signature="initialize()[pri:0, instance:Academy.E2EFramework.validateTitle@3eb77ea8]" started-at="2019-12-30T15:52:10 IST" name="initialize" finished-at="2019-12-30T15:52:33 IST" duration-ms="22803" status="PASS">
          <reporter-output>
          </reporter-output>
        </test-method> <!-- initialize -->
        <test-method signature="validateAppTitle()[pri:0, instance:Academy.E2EFramework.validateTitle@3eb77ea8]" started-at="2019-12-30T15:52:33 IST" name="validateAppTitle" finished-at="2019-12-30T15:52:34 IST" duration-ms="382" status="FAIL">
          <exception class="java.lang.AssertionError">
            <message>
              <![CDATA[expected [FEATURED123 COURSES] but found [FEATURED COURSES]]]>
            </message>
            <full-stacktrace>
              <![CDATA[java.lang.AssertionError: expected [FEATURED123 COURSES] but found [FEATURED COURSES]
at org.testng.Assert.fail(Assert.java:97)
at org.testng.Assert.assertEqualsImpl(Assert.java:136)
at org.testng.Assert.assertEquals(Assert.java:118)
at org.testng.Assert.assertEquals(Assert.java:575)
at org.testng.Assert.assertEquals(Assert.java:585)
at Academy.E2EFramework.validateTitle.validateAppTitle(validateTitle.java:49)
at java.base/jdk.internal.reflect.NativeMethodAccessorImpl.invoke0(Native Method)
at java.base/jdk.internal.reflect.NativeMethodAccessorImpl.invoke(NativeMethodAccessorImpl.java:62)
at java.base/jdk.internal.reflect.DelegatingMethodAccessorImpl.invoke(DelegatingMethodAccessorImpl.java:43)
at java.base/java.lang.reflect.Method.invoke(Method.java:567)
at org.testng.internal.MethodInvocationHelper.invokeMethod(MethodInvocationHelper.java:133)
at org.testng.internal.TestInvoker.invokeMethod(TestInvoker.java:584)
at org.testng.internal.TestInvoker.invokeTestMethod(TestInvoker.java:172)
at org.testng.internal.MethodRunner.runInSequence(MethodRunner.java:46)
at org.testng.internal.TestInvoker$MethodInvocationAgent.invoke(TestInvoker.java:804)
at org.testng.internal.TestInvoker.invokeTestMethods(TestInvoker.java:145)
at org.testng.internal.TestMethodWorker.invokeTestMethods(TestMethodWorker.java:146)
at org.testng.internal.TestMethodWorker.run(TestMethodWorker.java:128)
at java.base/java.util.ArrayList.forEach(ArrayList.java:1507)
at org.testng.TestRunner.privateRun(TestRunner.java:770)
at org.testng.TestRunner.run(TestRunner.java:591)
at org.testng.SuiteRunner.runTest(SuiteRunner.java:402)
at org.testng.SuiteRunner.runSequentially(SuiteRunner.java:396)
at org.testng.SuiteRunner.privateRun(SuiteRunner.java:355)
at org.testng.SuiteRunner.run(SuiteRunner.java:304)
at org.testng.SuiteRunnerWorker.runSuite(SuiteRunnerWorker.java:53)
at org.testng.SuiteRunnerWorker.run(SuiteRunnerWorker.java:96)
at org.testng.TestNG.runSuitesSequentially(TestNG.java:1180)
at org.testng.TestNG.runSuitesLocally(TestNG.java:1102)
at org.testng.TestNG.runSuites(TestNG.java:1032)
at org.testng.TestNG.run(TestNG.java:1000)
at org.apache.maven.surefire.testng.TestNGExecutor.run(TestNGExecutor.java:283)
at org.apache.maven.surefire.testng.TestNGXmlTestSuite.execute(TestNGXmlTestSuite.java:75)
at org.apache.maven.surefire.testng.TestNGProvider.invoke(TestNGProvider.java:120)
at org.apache.maven.surefire.booter.ForkedBooter.invokeProviderInSameClassLoader(ForkedBooter.java:384)
at org.apache.maven.surefire.booter.ForkedBooter.runSuitesInProcess(ForkedBooter.java:345)
at org.apache.maven.surefire.booter.ForkedBooter.execute(ForkedBooter.java:126)
at org.apache.maven.surefire.booter.ForkedBooter.main(ForkedBooter.java:418)
]]>
            </full-stacktrace>
          </exception> <!-- java.lang.AssertionError -->
          <reporter-output>
          </reporter-output>
        </test-method> <!-- validateAppTitle -->
        <test-method is-config="true" signature="tearDown()[pri:0, instance:Academy.E2EFramework.validateTitle@3eb77ea8]" started-at="2019-12-30T15:52:40 IST" name="tearDown" finished-at="2019-12-30T15:52:41 IST" duration-ms="1686" status="PASS">
          <reporter-output>
          </reporter-output>
        </test-method> <!-- tearDown -->
      </class> <!-- Academy.E2EFramework.validateTitle -->
    </test> <!-- Validating Title in the Page -->
    <test started-at="2019-12-30T15:52:42 IST" name="Validating Navigation Bar" finished-at="2019-12-30T15:53:00 IST" duration-ms="18588">
      <class name="Academy.E2EFramework.validateNavigationBar">
        <test-method is-config="true" signature="initialize()[pri:0, instance:Academy.E2EFramework.validateNavigationBar@768fc0f2]" started-at="2019-12-30T15:52:42 IST" name="initialize" finished-at="2019-12-30T15:52:56 IST" duration-ms="14057" status="PASS">
          <reporter-output>
          </reporter-output>
        </test-method> <!-- initialize -->
        <test-method signature="validateAppNavBar()[pri:0, instance:Academy.E2EFramework.validateNavigationBar@768fc0f2]" started-at="2019-12-30T15:52:56 IST" name="validateAppNavBar" finished-at="2019-12-30T15:52:57 IST" duration-ms="1157" status="PASS">
          <reporter-output>
          </reporter-output>
        </test-method> <!-- validateAppNavBar -->
        <test-method is-config="true" signature="tearDown()[pri:0, instance:Academy.E2EFramework.validateNavigationBar@768fc0f2]" started-at="2019-12-30T15:52:57 IST" name="tearDown" finished-at="2019-12-30T15:53:00 IST" duration-ms="3368" status="PASS">
          <reporter-output>
          </reporter-output>
        </test-method> <!-- tearDown -->
      </class> <!-- Academy.E2EFramework.validateNavigationBar -->
    </test> <!-- Validating Navigation Bar -->
    <test started-at="2019-12-30T15:53:00 IST" name="Validating User Login" finished-at="2019-12-30T15:54:26 IST" duration-ms="85524">
      <class name="Academy.E2EFramework.HomePage">
        <test-method is-config="true" signature="initialize()[pri:0, instance:Academy.E2EFramework.HomePage@43b9fd5]" started-at="2019-12-30T15:53:00 IST" name="initialize" finished-at="2019-12-30T15:53:05 IST" duration-ms="5144" status="PASS">
          <reporter-output>
          </reporter-output>
        </test-method> <!-- initialize -->
        <test-method signature="basePageNavigation(java.lang.String, java.lang.String, java.lang.String)[pri:0, instance:Academy.E2EFramework.HomePage@43b9fd5]" started-at="2019-12-30T15:53:05 IST" name="basePageNavigation" data-provider="getData" finished-at="2019-12-30T15:53:50 IST" duration-ms="44867" status="PASS">
          <params>
            <param index="0">
              <value>
                <![CDATA[nonrestricteduser@gmail.com]]>
              </value>
            </param>
            <param index="1">
              <value>
                <![CDATA[123456]]>
              </value>
            </param>
            <param index="2">
              <value>
                <![CDATA[Resrticted User]]>
              </value>
            </param>
          </params>
          <reporter-output>
          </reporter-output>
        </test-method> <!-- basePageNavigation -->
        <test-method signature="basePageNavigation(java.lang.String, java.lang.String, java.lang.String)[pri:0, instance:Academy.E2EFramework.HomePage@43b9fd5]" started-at="2019-12-30T15:53:50 IST" name="basePageNavigation" data-provider="getData" finished-at="2019-12-30T15:54:24 IST" duration-ms="33735" status="PASS">
          <params>
            <param index="0">
              <value>
                <![CDATA[restricteduser@gmail.com]]>
              </value>
            </param>
            <param index="1">
              <value>
                <![CDATA[3456789]]>
              </value>
            </param>
            <param index="2">
              <value>
                <![CDATA[Non Resrticted User]]>
              </value>
            </param>
          </params>
          <reporter-output>
          </reporter-output>
        </test-method> <!-- basePageNavigation -->
        <test-method is-config="true" signature="tearDown()[pri:0, instance:Academy.E2EFramework.HomePage@43b9fd5]" started-at="2019-12-30T15:54:24 IST" name="tearDown" finished-at="2019-12-30T15:54:26 IST" duration-ms="1734" status="PASS">
          <reporter-output>
          </reporter-output>
        </test-method> <!-- tearDown -->
      </class> <!-- Academy.E2EFramework.HomePage -->
    </test> <!-- Validating User Login -->
  </suite> <!-- Suite -->
</testng-results>
